<?xml version="1.0" encoding="UTF-8"?>
<testsuite xmlns:xsi="http://www.w3.org/2001/XMLSchema-instance" xsi:noNamespaceSchemaLocation="https://maven.apache.org/surefire/maven-surefire-plugin/xsd/surefire-test-report-3.0.xsd" version="3.0" name="com.vega.post2u11.service.EnvioServiceTest" time="0.081" tests="12" errors="0" skipped="0" failures="0">
  <properties>
[...]
</properties>
  <testcase name="aprobarCredito_scoreBajo_debeRechazar" classname="com.vega.post2u11.service.EnvioServiceTest" time="0.029"/>
  <testcase name="calcularEnvio_estandar_conTotalAlto_debeSerGratis" classname="com.vega.post2u11.service.EnvioServiceTest" time="0.002"/>
  <testcase name="aprobarCredito_montoNoPositivo_debeRechazar" classname="com.vega.post2u11.service.EnvioServiceTest" time="0.002"/>
  <testcase name="calcularEnvio_tipoDesconocido_debeLanzarExcepcion" classname="com.vega.post2u11.service.EnvioServiceTest" time="0.003"/>
  <testcase name="aprobarCredito_datosValidos_debeAprobar" classname="com.vega.post2u11.service.EnvioServiceTest" time="0.001"/>
  <testcase name="calcularEnvio_estandar_conTotalBajo_debeCobrarTarifaBase" classname="com.vega.post2u11.service.EnvioServiceTest" time="0.001"/>
  <testcase name="aprobarCredito_clienteNulo_debeRechazar" classname="com.vega.post2u11.service.EnvioServiceTest" time="0.001"/>
  <testcase name="aprobarCredito_montoMayorAlLimite_debeRechazar" classname="com.vega.post2u11.service.EnvioServiceTest" time="0.001"/>
  <testcase name="calcularEnvio_express_debeCobrarTarifaExpress" classname="com.vega.post2u11.service.EnvioServiceTest" time="0.001"/>
  <testcase name="aprobarCredito_clienteInactivo_debeRechazar" classname="com.vega.post2u11.service.EnvioServiceTest" time="0.001"/>
  <testcase name="calcularEnvio_gratis_debeSerCero" classname="com.vega.post2u11.service.EnvioServiceTest" time="0.0"/>
  <testcase name="calcularEnvio_mismoDia_debeCobrarTarifaMismoDia" classname="com.vega.post2u11.service.EnvioServiceTest" time="0.0"/>
</testsuite>